c:\users\鴻暘\documents\visual studio 2013\projects\meshexample\meshexample\debug\vc120.pdb
c:\users\鴻暘\documents\visual studio 2013\projects\meshexample\meshexample\debug\vc120.idb
c:\users\鴻暘\documents\visual studio 2013\projects\meshexample\meshexample\debug\light.obj
c:\users\鴻暘\documents\visual studio 2013\projects\meshexample\meshexample\debug\main.obj
c:\users\鴻暘\documents\visual studio 2013\projects\meshexample\meshexample\debug\mesh.obj
c:\users\鴻暘\documents\visual studio 2013\projects\meshexample\meshexample\debug\scene.obj
c:\users\鴻暘\documents\visual studio 2013\projects\meshexample\meshexample\debug\texture.obj
c:\users\鴻暘\documents\visual studio 2013\projects\meshexample\meshexample\debug\view.obj
c:\users\鴻暘\documents\visual studio 2013\projects\meshexample\meshexample\debug\meshexample.res
c:\users\鴻暘\documents\visual studio 2013\projects\meshexample\debug\meshexample.pdb
c:\users\鴻暘\documents\visual studio 2013\projects\meshexample\meshexample\debug\meshexample.tlog\cl.command.1.tlog
c:\users\鴻暘\documents\visual studio 2013\projects\meshexample\meshexample\debug\meshexample.tlog\cl.read.1.tlog
c:\users\鴻暘\documents\visual studio 2013\projects\meshexample\meshexample\debug\meshexample.tlog\cl.write.1.tlog
c:\users\鴻暘\documents\visual studio 2013\projects\meshexample\meshexample\debug\meshexample.tlog\link.2932-cvtres.read.1.tlog
c:\users\鴻暘\documents\visual studio 2013\projects\meshexample\meshexample\debug\meshexample.tlog\link.2932-cvtres.write.1.tlog
c:\users\鴻暘\documents\visual studio 2013\projects\meshexample\meshexample\debug\meshexample.tlog\link.2932-rc.read.1.tlog
c:\users\鴻暘\documents\visual studio 2013\projects\meshexample\meshexample\debug\meshexample.tlog\link.2932-rc.write.1.tlog
c:\users\鴻暘\documents\visual studio 2013\projects\meshexample\meshexample\debug\meshexample.tlog\link.2932.read.1.tlog
c:\users\鴻暘\documents\visual studio 2013\projects\meshexample\meshexample\debug\meshexample.tlog\link.2932.write.1.tlog
c:\users\鴻暘\documents\visual studio 2013\projects\meshexample\meshexample\debug\meshexample.tlog\link.command.1.tlog
c:\users\鴻暘\documents\visual studio 2013\projects\meshexample\meshexample\debug\meshexample.tlog\link.read.1.tlog
c:\users\鴻暘\documents\visual studio 2013\projects\meshexample\meshexample\debug\meshexample.tlog\link.write.1.tlog
c:\users\鴻暘\documents\visual studio 2013\projects\meshexample\meshexample\debug\meshexample.tlog\rc.command.1.tlog
c:\users\鴻暘\documents\visual studio 2013\projects\meshexample\meshexample\debug\meshexample.tlog\rc.read.1.tlog
c:\users\鴻暘\documents\visual studio 2013\projects\meshexample\meshexample\debug\meshexample.tlog\rc.write.1.tlog
